# JRE version: OpenJDK Runtime Environment Temurin-21.0.10+7 (21.0.10+7) (build 21.0.10+7-LTS)
# Java VM: OpenJDK 64-Bit Server VM Temurin-21.0.10+7 (21.0.10+7-LTS, mixed mode, sharing, tiered, compressed oops, compressed class ptrs, parallel gc, windows-amd64)
GC Precious Log:
 CardTable entry size: 512
 CPUs: 8 total, 8 available
 Memory: 8050M
 Large Page Support: Disabled
 NUMA Support: Disabled
 Compressed Oops: Enabled (32-bit)
 Alignments: Space 512K, Generation 512K, Heap 2M
 Heap Min Capacity: 100M
 Heap Initial Capacity: 100M
 Heap Max Capacity: 2G
 Pre-touch: Disabled
 Parallel Workers: 8
Heap:
 PSYoungGen      total 6144K, used 5380K [0x00000000d5580000, 0x00000000d6080000, 0x0000000100000000)
  eden space 5632K, 89% used [0x00000000d5580000,0x00000000d5a713e8,0x00000000d5b00000)
  from space 512K, 62% used [0x00000000d5b80000,0x00000000d5bd0000,0x00000000d5c00000)
  to   space 2048K, 0% used [0x00000000d5e80000,0x00000000d5e80000,0x00000000d6080000)
 ParOldGen       total 267776K, used 186572K [0x0000000080000000, 0x0000000090580000, 0x00000000d5580000)
  object space 267776K, 69% used [0x0000000080000000,0x000000008b6332a8,0x0000000090580000)
 Metaspace       used 88174K, committed 90176K, reserved 1179648K
  class space    used 9355K, committed 10240K, reserved 1048576K
GC Heap History (20 events):
Event: 2020.679 GC heap before
{Heap before GC invocations=354 (full 4):
 PSYoungGen      total 6656K, used 5888K [0x00000000d5580000, 0x00000000d5d00000, 0x0000000100000000)
  eden space 5632K, 100% used [0x00000000d5580000,0x00000000d5b00000,0x00000000d5b00000)
  from space 1024K, 25% used [0x00000000d5b80000,0x00000000d5bc0000,0x00000000d5c80000)
  to   space 512K, 0% used [0x00000000d5c80000,0x00000000d5c80000,0x00000000d5d00000)
 ParOldGen       total 267776K, used 175996K [0x0000000080000000, 0x0000000090580000, 0x00000000d5580000)
  object space 267776K, 65% used [0x0000000080000000,0x000000008abdf208,0x0000000090580000)
 Metaspace       used 87857K, committed 89856K, reserved 1179648K
  class space    used 9327K, committed 10240K, reserved 1048576K
}
Event: 2020.683 GC heap after
{Heap after GC invocations=354 (full 4):
 PSYoungGen      total 6144K, used 506K [0x00000000d5580000, 0x00000000d5d00000, 0x0000000100000000)
  eden space 5632K, 0% used [0x00000000d5580000,0x00000000d5580000,0x00000000d5b00000)
  from space 512K, 98% used [0x00000000d5c80000,0x00000000d5cfe900,0x00000000d5d00000)
  to   space 1024K, 0% used [0x00000000d5b00000,0x00000000d5b00000,0x00000000d5c00000)
 ParOldGen       total 267776K, used 176236K [0x0000000080000000, 0x0000000090580000, 0x00000000d5580000)
  object space 267776K, 65% used [0x0000000080000000,0x000000008ac1b218,0x0000000090580000)
 Metaspace       used 87857K, committed 89856K, reserved 1179648K
  class space    used 9327K, committed 10240K, reserved 1048576K
}
Event: 2021.840 GC heap before
{Heap before GC invocations=355 (full 4):
 PSYoungGen      total 6144K, used 6138K [0x00000000d5580000, 0x00000000d5d00000, 0x0000000100000000)
  eden space 5632K, 100% used [0x00000000d5580000,0x00000000d5b00000,0x00000000d5b00000)
  from space 512K, 98% used [0x00000000d5c80000,0x00000000d5cfe900,0x00000000d5d00000)
  to   space 1024K, 0% used [0x00000000d5b00000,0x00000000d5b00000,0x00000000d5c00000)
 ParOldGen       total 267776K, used 176236K [0x0000000080000000, 0x0000000090580000, 0x00000000d5580000)
  object space 267776K, 65% used [0x0000000080000000,0x000000008ac1b218,0x0000000090580000)
 Metaspace       used 87875K, committed 89856K, reserved 1179648K
  class space    used 9328K, committed 10240K, reserved 1048576K
}
Event: 2021.844 GC heap after
{Heap after GC invocations=355 (full 4):
 PSYoungGen      total 6656K, used 724K [0x00000000d5580000, 0x00000000d5d00000, 0x0000000100000000)
  eden space 5632K, 0% used [0x00000000d5580000,0x00000000d5580000,0x00000000d5b00000)
  from space 1024K, 70% used [0x00000000d5b00000,0x00000000d5bb5200,0x00000000d5c00000)
  to   space 1024K, 0% used [0x00000000d5c00000,0x00000000d5c00000,0x00000000d5d00000)
 ParOldGen       total 267776K, used 176737K [0x0000000080000000, 0x0000000090580000, 0x00000000d5580000)
  object space 267776K, 66% used [0x0000000080000000,0x000000008ac98428,0x0000000090580000)
 Metaspace       used 87875K, committed 89856K, reserved 1179648K
  class space    used 9328K, committed 10240K, reserved 1048576K
}
Event: 2021.880 GC heap before
{Heap before GC invocations=356 (full 4):
 PSYoungGen      total 6656K, used 6356K [0x00000000d5580000, 0x00000000d5d00000, 0x0000000100000000)
  eden space 5632K, 100% used [0x00000000d5580000,0x00000000d5b00000,0x00000000d5b00000)
  from space 1024K, 70% used [0x00000000d5b00000,0x00000000d5bb5200,0x00000000d5c00000)
  to   space 1024K, 0% used [0x00000000d5c00000,0x00000000d5c00000,0x00000000d5d00000)
 ParOldGen       total 267776K, used 176737K [0x0000000080000000, 0x0000000090580000, 0x00000000d5580000)
  object space 267776K, 66% used [0x0000000080000000,0x000000008ac98428,0x0000000090580000)
 Metaspace       used 87894K, committed 89920K, reserved 1179648K
  class space    used 9328K, committed 10240K, reserved 1048576K
}
Event: 2021.884 GC heap after
{Heap after GC invocations=356 (full 4):
 PSYoungGen      total 6656K, used 688K [0x00000000d5580000, 0x00000000d5d00000, 0x0000000100000000)
  eden space 5632K, 0% used [0x00000000d5580000,0x00000000d5580000,0x00000000d5b00000)
  from space 1024K, 67% used [0x00000000d5c00000,0x00000000d5cac010,0x00000000d5d00000)
  to   space 1024K, 0% used [0x00000000d5b00000,0x00000000d5b00000,0x00000000d5c00000)
 ParOldGen       total 267776K, used 177209K [0x0000000080000000, 0x0000000090580000, 0x00000000d5580000)
  object space 267776K, 66% used [0x0000000080000000,0x000000008ad0e638,0x0000000090580000)
 Metaspace       used 87894K, committed 89920K, reserved 1179648K
  class space    used 9328K, committed 10240K, reserved 1048576K
}
Event: 2021.916 GC heap before
{Heap before GC invocations=357 (full 4):
 PSYoungGen      total 6656K, used 6320K [0x00000000d5580000, 0x00000000d5d00000, 0x0000000100000000)
  eden space 5632K, 100% used [0x00000000d5580000,0x00000000d5b00000,0x00000000d5b00000)
  from space 1024K, 67% used [0x00000000d5c00000,0x00000000d5cac010,0x00000000d5d00000)
  to   space 1024K, 0% used [0x00000000d5b00000,0x00000000d5b00000,0x00000000d5c00000)
 ParOldGen       total 267776K, used 177209K [0x0000000080000000, 0x0000000090580000, 0x00000000d5580000)
  object space 267776K, 66% used [0x0000000080000000,0x000000008ad0e638,0x0000000090580000)
 Metaspace       used 87906K, committed 89920K, reserved 1179648K
  class space    used 9328K, committed 10240K, reserved 1048576K
}
Event: 2021.918 GC heap after
{Heap after GC invocations=357 (full 4):
 PSYoungGen      total 6656K, used 682K [0x00000000d5580000, 0x00000000d5d00000, 0x0000000100000000)
  eden space 5632K, 0% used [0x00000000d5580000,0x00000000d5580000,0x00000000d5b00000)
  from space 1024K, 66% used [0x00000000d5b00000,0x00000000d5baa910,0x00000000d5c00000)
  to   space 1024K, 0% used [0x00000000d5c00000,0x00000000d5c00000,0x00000000d5d00000)
 ParOldGen       total 267776K, used 177273K [0x0000000080000000, 0x0000000090580000, 0x00000000d5580000)
  object space 267776K, 66% used [0x0000000080000000,0x000000008ad1e638,0x0000000090580000)
 Metaspace       used 87906K, committed 89920K, reserved 1179648K
  class space    used 9328K, committed 10240K, reserved 1048576K
}
Event: 2036.807 GC heap before
{Heap before GC invocations=358 (full 4):
 PSYoungGen      total 6656K, used 6112K [0x00000000d5580000, 0x00000000d5d00000, 0x0000000100000000)
  eden space 5632K, 96% used [0x00000000d5580000,0x00000000d5acd988,0x00000000d5b00000)
  from space 1024K, 66% used [0x00000000d5b00000,0x00000000d5baa910,0x00000000d5c00000)
  to   space 1024K, 0% used [0x00000000d5c00000,0x00000000d5c00000,0x00000000d5d00000)
 ParOldGen       total 267776K, used 177273K [0x0000000080000000, 0x0000000090580000, 0x00000000d5580000)
  object space 267776K, 66% used [0x0000000080000000,0x000000008ad1e638,0x0000000090580000)
 Metaspace       used 87964K, committed 89984K, reserved 1179648K
  class space    used 9328K, committed 10240K, reserved 1048576K
}
Event: 2036.809 GC heap after
{Heap after GC invocations=358 (full 4):
 PSYoungGen      total 6656K, used 691K [0x00000000d5580000, 0x00000000d5d00000, 0x0000000100000000)
  eden space 5632K, 0% used [0x00000000d5580000,0x00000000d5580000,0x00000000d5b00000)
  from space 1024K, 67% used [0x00000000d5c00000,0x00000000d5caccd8,0x00000000d5d00000)
  to   space 1024K, 0% used [0x00000000d5b00000,0x00000000d5b00000,0x00000000d5c00000)
 ParOldGen       total 267776K, used 177289K [0x0000000080000000, 0x0000000090580000, 0x00000000d5580000)
  object space 267776K, 66% used [0x0000000080000000,0x000000008ad22638,0x0000000090580000)
 Metaspace       used 87964K, committed 89984K, reserved 1179648K
  class space    used 9328K, committed 10240K, reserved 1048576K
}
Event: 2036.834 GC heap before
{Heap before GC invocations=359 (full 4):
 PSYoungGen      total 6656K, used 6320K [0x00000000d5580000, 0x00000000d5d00000, 0x0000000100000000)
  eden space 5632K, 99% used [0x00000000d5580000,0x00000000d5aff698,0x00000000d5b00000)
  from space 1024K, 67% used [0x00000000d5c00000,0x00000000d5caccd8,0x00000000d5d00000)
  to   space 1024K, 0% used [0x00000000d5b00000,0x00000000d5b00000,0x00000000d5c00000)
 ParOldGen       total 267776K, used 177289K [0x0000000080000000, 0x0000000090580000, 0x00000000d5580000)
  object space 267776K, 66% used [0x0000000080000000,0x000000008ad22638,0x0000000090580000)
 Metaspace       used 87964K, committed 89984K, reserved 1179648K
  class space    used 9328K, committed 10240K, reserved 1048576K
}
Event: 2036.848 GC heap after
{Heap after GC invocations=359 (full 4):
 PSYoungGen      total 6656K, used 1018K [0x00000000d5580000, 0x00000000d6700000, 0x0000000100000000)
  eden space 5632K, 0% used [0x00000000d5580000,0x00000000d5580000,0x00000000d5b00000)
  from space 1024K, 99% used [0x00000000d5b00000,0x00000000d5bfe840,0x00000000d5c00000)
  to   space 6144K, 0% used [0x00000000d6100000,0x00000000d6100000,0x00000000d6700000)
 ParOldGen       total 267776K, used 181430K [0x0000000080000000, 0x0000000090580000, 0x00000000d5580000)
  object space 267776K, 67% used [0x0000000080000000,0x000000008b12dac0,0x0000000090580000)
 Metaspace       used 87964K, committed 89984K, reserved 1179648K
  class space    used 9328K, committed 10240K, reserved 1048576K
}
Event: 2037.213 GC heap before
{Heap before GC invocations=360 (full 4):
 PSYoungGen      total 6656K, used 6650K [0x00000000d5580000, 0x00000000d6700000, 0x0000000100000000)
  eden space 5632K, 100% used [0x00000000d5580000,0x00000000d5b00000,0x00000000d5b00000)
  from space 1024K, 99% used [0x00000000d5b00000,0x00000000d5bfe840,0x00000000d5c00000)
  to   space 6144K, 0% used [0x00000000d6100000,0x00000000d6100000,0x00000000d6700000)
 ParOldGen       total 267776K, used 181430K [0x0000000080000000, 0x0000000090580000, 0x00000000d5580000)
  object space 267776K, 67% used [0x0000000080000000,0x000000008b12dac0,0x0000000090580000)
 Metaspace       used 87970K, committed 89984K, reserved 1179648K
  class space    used 9329K, committed 10240K, reserved 1048576K
}
Event: 2037.215 GC heap after
{Heap after GC invocations=360 (full 4):
 PSYoungGen      total 7168K, used 1178K [0x00000000d5580000, 0x00000000d6280000, 0x0000000100000000)
  eden space 5632K, 0% used [0x00000000d5580000,0x00000000d5580000,0x00000000d5b00000)
  from space 1536K, 76% used [0x00000000d6100000,0x00000000d6226900,0x00000000d6280000)
  to   space 3072K, 0% used [0x00000000d5c80000,0x00000000d5c80000,0x00000000d5f80000)
 ParOldGen       total 267776K, used 181502K [0x0000000080000000, 0x0000000090580000, 0x00000000d5580000)
  object space 267776K, 67% used [0x0000000080000000,0x000000008b13fac0,0x0000000090580000)
 Metaspace       used 87970K, committed 89984K, reserved 1179648K
  class space    used 9329K, committed 10240K, reserved 1048576K
}
Event: 2037.235 GC heap before
{Heap before GC invocations=361 (full 4):
 PSYoungGen      total 7168K, used 6717K [0x00000000d5580000, 0x00000000d6280000, 0x0000000100000000)
  eden space 5632K, 98% used [0x00000000d5580000,0x00000000d5ae8cf8,0x00000000d5b00000)
  from space 1536K, 76% used [0x00000000d6100000,0x00000000d6226900,0x00000000d6280000)
  to   space 3072K, 0% used [0x00000000d5c80000,0x00000000d5c80000,0x00000000d5f80000)
 ParOldGen       total 267776K, used 181502K [0x0000000080000000, 0x0000000090580000, 0x00000000d5580000)
  object space 267776K, 67% used [0x0000000080000000,0x000000008b13fac0,0x0000000090580000)
 Metaspace       used 87971K, committed 89984K, reserved 1179648K
  class space    used 9329K, committed 10240K, reserved 1048576K
}
Event: 2037.241 GC heap after
{Heap after GC invocations=361 (full 4):
 PSYoungGen      total 8704K, used 3046K [0x00000000d5580000, 0x00000000d6500000, 0x0000000100000000)
  eden space 5632K, 0% used [0x00000000d5580000,0x00000000d5580000,0x00000000d5b00000)
  from space 3072K, 99% used [0x00000000d5c80000,0x00000000d5f79af0,0x00000000d5f80000)
  to   space 5120K, 0% used [0x00000000d6000000,0x00000000d6000000,0x00000000d6500000)
 ParOldGen       total 267776K, used 182634K [0x0000000080000000, 0x0000000090580000, 0x00000000d5580000)
  object space 267776K, 68% used [0x0000000080000000,0x000000008b25aad8,0x0000000090580000)
 Metaspace       used 87971K, committed 89984K, reserved 1179648K
  class space    used 9329K, committed 10240K, reserved 1048576K
}
Event: 2037.263 GC heap before
{Heap before GC invocations=362 (full 4):
 PSYoungGen      total 8704K, used 8678K [0x00000000d5580000, 0x00000000d6500000, 0x0000000100000000)
  eden space 5632K, 100% used [0x00000000d5580000,0x00000000d5b00000,0x00000000d5b00000)
  from space 3072K, 99% used [0x00000000d5c80000,0x00000000d5f79af0,0x00000000d5f80000)
  to   space 5120K, 0% used [0x00000000d6000000,0x00000000d6000000,0x00000000d6500000)
 ParOldGen       total 267776K, used 182634K [0x0000000080000000, 0x0000000090580000, 0x00000000d5580000)
  object space 267776K, 68% used [0x0000000080000000,0x000000008b25aad8,0x0000000090580000)
 Metaspace       used 87974K, committed 89984K, reserved 1179648K
  class space    used 9329K, committed 10240K, reserved 1048576K
}
Event: 2037.274 GC heap after
{Heap after GC invocations=362 (full 4):
 PSYoungGen      total 10240K, used 4216K [0x00000000d5580000, 0x00000000d6480000, 0x0000000100000000)
  eden space 5632K, 0% used [0x00000000d5580000,0x00000000d5580000,0x00000000d5b00000)
  from space 4608K, 91% used [0x00000000d6000000,0x00000000d641e088,0x00000000d6480000)
  to   space 4608K, 0% used [0x00000000d5b80000,0x00000000d5b80000,0x00000000d6000000)
 ParOldGen       total 267776K, used 185652K [0x0000000080000000, 0x0000000090580000, 0x00000000d5580000)
  object space 267776K, 69% used [0x0000000080000000,0x000000008b54d2a8,0x0000000090580000)
 Metaspace       used 87974K, committed 89984K, reserved 1179648K
  class space    used 9329K, committed 10240K, reserved 1048576K
}
Event: 3192.277 GC heap before
{Heap before GC invocations=363 (full 4):
 PSYoungGen      total 10240K, used 9848K [0x00000000d5580000, 0x00000000d6480000, 0x0000000100000000)
  eden space 5632K, 99% used [0x00000000d5580000,0x00000000d5affff8,0x00000000d5b00000)
  from space 4608K, 91% used [0x00000000d6000000,0x00000000d641e088,0x00000000d6480000)
  to   space 4608K, 0% used [0x00000000d5b80000,0x00000000d5b80000,0x00000000d6000000)
 ParOldGen       total 267776K, used 185652K [0x0000000080000000, 0x0000000090580000, 0x00000000d5580000)
  object space 267776K, 69% used [0x0000000080000000,0x000000008b54d2a8,0x0000000090580000)
 Metaspace       used 88146K, committed 90112K, reserved 1179648K
  class space    used 9355K, committed 10240K, reserved 1048576K
}
Event: 3192.289 GC heap after
{Heap after GC invocations=363 (full 4):
 PSYoungGen      total 6144K, used 320K [0x00000000d5580000, 0x00000000d6080000, 0x0000000100000000)
  eden space 5632K, 0% used [0x00000000d5580000,0x00000000d5580000,0x00000000d5b00000)
  from space 512K, 62% used [0x00000000d5b80000,0x00000000d5bd0000,0x00000000d5c00000)
  to   space 2048K, 0% used [0x00000000d5e80000,0x00000000d5e80000,0x00000000d6080000)
 ParOldGen       total 267776K, used 186572K [0x0000000080000000, 0x0000000090580000, 0x00000000d5580000)
  object space 267776K, 69% used [0x0000000080000000,0x000000008b6332a8,0x0000000090580000)
 Metaspace       used 88146K, committed 90112K, reserved 1179648K
  class space    used 9355K, committed 10240K, reserved 1048576K
}

